<?xml version="1.0" encoding="UTF-8"?>
<!-- Generated by org.testng.reporters.JUnitXMLReporter -->
<testsuite hostname="SSPLLLP-044" ignored="0" name=" To Login to the First Level Supervisor" tests="1" failures="1" timestamp="2020-07-28T20:07:46 IST" time="1.64" errors="0">
  <testcase name="FirstLevelSupervisor" time="1.606" classname="orangehrm.testsuites.FirstLevelSupervisor_TC5">
    <failure type="org.openqa.selenium.SessionNotCreatedException" message="session not created: This version of ChromeDriver only supports Chrome version 81
Build info: version: &amp;apos;3.141.59&amp;apos;, revision: &amp;apos;e82be7d358&amp;apos;, time: &amp;apos;2018-11-14T08:17:03&amp;apos;
System info: host: &amp;apos;SSPLLLP-044&amp;apos;, ip: &amp;apos;192.168.43.189&amp;apos;, os.name: &amp;apos;Windows 10&amp;apos;, os.arch: &amp;apos;amd64&amp;apos;, os.version: &amp;apos;10.0&amp;apos;, java.version: &amp;apos;1.8.0_172&amp;apos;
Driver info: driver.version: ChromeDriver
remote stacktrace: Backtrace:
	Ordinal0 [0x010B5E93+2449043]
	Ordinal0 [0x00FE8281+1606273]
	Ordinal0 [0x00EDF889+522377]
	Ordinal0 [0x00E705F3+67059]
	Ordinal0 [0x00E6CD92+52626]
	Ordinal0 [0x00E8C127+180519]
	Ordinal0 [0x00E8BF2D+180013]
	Ordinal0 [0x00E89E5B+171611]
	Ordinal0 [0x00E71DD8+73176]
	Ordinal0 [0x00E72E50+77392]
	Ordinal0 [0x00E72DE9+77289]
	Ordinal0 [0x00FFD7F7+1693687]
	GetHandleVerifier [0x01154576+522742]
	GetHandleVerifier [0x011542B4+522036]
	GetHandleVerifier [0x01169587+608775]
	GetHandleVerifier [0x01154DE6+524902]
	Ordinal0 [0x00FF5BDC+1661916]
	Ordinal0 [0x00FFF15B+1700187]
	Ordinal0 [0x00FFF2C3+1700547]
	Ordinal0 [0x01015135+1790261]
	BaseThreadInitThunk [0x75526359+25]
	RtlGetAppContainerNamedObjectPath [0x77B27C24+228]
	RtlGetAppContainerNamedObjectPath [0x77B27BF4+180]
">
      <![CDATA[org.openqa.selenium.SessionNotCreatedException: session not created: This version of ChromeDriver only supports Chrome version 81
Build info: version: '3.141.59', revision: 'e82be7d358', time: '2018-11-14T08:17:03'
System info: host: 'SSPLLLP-044', ip: '192.168.43.189', os.name: 'Windows 10', os.arch: 'amd64', os.version: '10.0', java.version: '1.8.0_172'
Driver info: driver.version: ChromeDriver
remote stacktrace: Backtrace:
Ordinal0 [0x010B5E93+2449043]
Ordinal0 [0x00FE8281+1606273]
Ordinal0 [0x00EDF889+522377]
Ordinal0 [0x00E705F3+67059]
Ordinal0 [0x00E6CD92+52626]
Ordinal0 [0x00E8C127+180519]
Ordinal0 [0x00E8BF2D+180013]
Ordinal0 [0x00E89E5B+171611]
Ordinal0 [0x00E71DD8+73176]
Ordinal0 [0x00E72E50+77392]
Ordinal0 [0x00E72DE9+77289]
Ordinal0 [0x00FFD7F7+1693687]
GetHandleVerifier [0x01154576+522742]
GetHandleVerifier [0x011542B4+522036]
GetHandleVerifier [0x01169587+608775]
GetHandleVerifier [0x01154DE6+524902]
Ordinal0 [0x00FF5BDC+1661916]
Ordinal0 [0x00FFF15B+1700187]
Ordinal0 [0x00FFF2C3+1700547]
Ordinal0 [0x01015135+1790261]
BaseThreadInitThunk [0x75526359+25]
RtlGetAppContainerNamedObjectPath [0x77B27C24+228]
RtlGetAppContainerNamedObjectPath [0x77B27BF4+180]

at org.openqa.selenium.remote.W3CHandshakeResponse.lambda$errorHandler$0(W3CHandshakeResponse.java:62)
at org.openqa.selenium.remote.HandshakeResponse.lambda$getResponseFunction$0(HandshakeResponse.java:30)
at org.openqa.selenium.remote.ProtocolHandshake.lambda$createSession$0(ProtocolHandshake.java:126)
at java.util.stream.ReferencePipeline$3$1.accept(Unknown Source)
at java.util.Spliterators$ArraySpliterator.tryAdvance(Unknown Source)
at java.util.stream.ReferencePipeline.forEachWithCancel(Unknown Source)
at java.util.stream.AbstractPipeline.copyIntoWithCancel(Unknown Source)
at java.util.stream.AbstractPipeline.copyInto(Unknown Source)
at java.util.stream.AbstractPipeline.wrapAndCopyInto(Unknown Source)
at java.util.stream.FindOps$FindOp.evaluateSequential(Unknown Source)
at java.util.stream.AbstractPipeline.evaluate(Unknown Source)
at java.util.stream.ReferencePipeline.findFirst(Unknown Source)
at org.openqa.selenium.remote.ProtocolHandshake.createSession(ProtocolHandshake.java:128)
at org.openqa.selenium.remote.ProtocolHandshake.createSession(ProtocolHandshake.java:74)
at org.openqa.selenium.remote.HttpCommandExecutor.execute(HttpCommandExecutor.java:136)
at org.openqa.selenium.remote.service.DriverCommandExecutor.execute(DriverCommandExecutor.java:83)
at org.openqa.selenium.remote.RemoteWebDriver.execute(RemoteWebDriver.java:552)
at org.openqa.selenium.remote.RemoteWebDriver.startSession(RemoteWebDriver.java:213)
at org.openqa.selenium.remote.RemoteWebDriver.<init>(RemoteWebDriver.java:131)
at org.openqa.selenium.chrome.ChromeDriver.<init>(ChromeDriver.java:181)
at org.openqa.selenium.chrome.ChromeDriver.<init>(ChromeDriver.java:168)
at org.openqa.selenium.chrome.ChromeDriver.<init>(ChromeDriver.java:123)
at orangehrm.base.reusablity.openbrowser(reusablity.java:27)
at orangehrm.testsuites.FirstLevelSupervisor_TC5.FirstLevelSupervisor(FirstLevelSupervisor_TC5.java:16)
at java.util.ArrayList.forEach(Unknown Source)
... Removed 31 stack frames]]>
    </failure>
  </testcase> <!-- FirstLevelSupervisor -->
</testsuite> <!--  To Login to the First Level Supervisor -->
