<?xml version="1.0" encoding="UTF-8"?>
<!-- Generated by org.testng.reporters.JUnitReportReporter -->
<testsuite skipped="0" hostname="SSPLLLP-044" name="orangehrm.testsuites.PIM_Emp_TC04" tests="1" failures="0" timestamp="2020-07-28T20:08:42 IST" time="2.796" errors="1">
  <testcase name="Emp_PIM" time="2.796" classname="orangehrm.testsuites.PIM_Emp_TC04">
    <error type="org.openqa.selenium.SessionNotCreatedException" message="session not created: This version of ChromeDriver only supports Chrome version 81
Build info: version: &#039;3.141.59&#039;, revision: &#039;e82be7d358&#039;, time: &#039;2018-11-14T08:17:03&#039;
System info: host: &#039;SSPLLLP-044&#039;, ip: &#039;192.168.43.189&#039;, os.name: &#039;Windows 10&#039;, os.arch: &#039;amd64&#039;, os.version: &#039;10.0&#039;, java.version: &#039;1.8.0_172&#039;
Driver info: driver.version: ChromeDriver
remote stacktrace: Backtrace:
	Ordinal0 [0x010B5E93+2449043]
	Ordinal0 [0x00FE8281+1606273]
	Ordinal0 [0x00EDF889+522377]
	Ordinal0 [0x00E705F3+67059]
	Ordinal0 [0x00E6CD92+52626]
	Ordinal0 [0x00E8C127+180519]
	Ordinal0 [0x00E8BF2D+180013]
	Ordinal0 [0x00E89E5B+171611]
	Ordinal0 [0x00E71DD8+73176]
	Ordinal0 [0x00E72E50+77392]
	Ordinal0 [0x00E72DE9+77289]
	Ordinal0 [0x00FFD7F7+1693687]
	GetHandleVerifier [0x01154576+522742]
	GetHandleVerifier [0x011542B4+522036]
	GetHandleVerifier [0x01169587+608775]
	GetHandleVerifier [0x01154DE6+524902]
	Ordinal0 [0x00FF5BDC+1661916]
	Ordinal0 [0x00FFF15B+1700187]
	Ordinal0 [0x00FFF2C3+1700547]
	Ordinal0 [0x01015135+1790261]
	BaseThreadInitThunk [0x75526359+25]
	RtlGetAppContainerNamedObjectPath [0x77B27C24+228]
	RtlGetAppContainerNamedObjectPath [0x77B27BF4+180]
">
      <![CDATA[org.openqa.selenium.SessionNotCreatedException: session not created: This version of ChromeDriver only supports Chrome version 81
Build info: version: '3.141.59', revision: 'e82be7d358', time: '2018-11-14T08:17:03'
System info: host: 'SSPLLLP-044', ip: '192.168.43.189', os.name: 'Windows 10', os.arch: 'amd64', os.version: '10.0', java.version: '1.8.0_172'
Driver info: driver.version: ChromeDriver
remote stacktrace: Backtrace:
Ordinal0 [0x010B5E93+2449043]
Ordinal0 [0x00FE8281+1606273]
Ordinal0 [0x00EDF889+522377]
Ordinal0 [0x00E705F3+67059]
Ordinal0 [0x00E6CD92+52626]
Ordinal0 [0x00E8C127+180519]
Ordinal0 [0x00E8BF2D+180013]
Ordinal0 [0x00E89E5B+171611]
Ordinal0 [0x00E71DD8+73176]
Ordinal0 [0x00E72E50+77392]
Ordinal0 [0x00E72DE9+77289]
Ordinal0 [0x00FFD7F7+1693687]
GetHandleVerifier [0x01154576+522742]
GetHandleVerifier [0x011542B4+522036]
GetHandleVerifier [0x01169587+608775]
GetHandleVerifier [0x01154DE6+524902]
Ordinal0 [0x00FF5BDC+1661916]
Ordinal0 [0x00FFF15B+1700187]
Ordinal0 [0x00FFF2C3+1700547]
Ordinal0 [0x01015135+1790261]
BaseThreadInitThunk [0x75526359+25]
RtlGetAppContainerNamedObjectPath [0x77B27C24+228]
RtlGetAppContainerNamedObjectPath [0x77B27BF4+180]

at sun.reflect.NativeConstructorAccessorImpl.newInstance0(Native Method)
at sun.reflect.NativeConstructorAccessorImpl.newInstance(Unknown Source)
at sun.reflect.DelegatingConstructorAccessorImpl.newInstance(Unknown Source)
at java.lang.reflect.Constructor.newInstance(Unknown Source)
at org.openqa.selenium.remote.W3CHandshakeResponse.lambda$errorHandler$0(W3CHandshakeResponse.java:62)
at org.openqa.selenium.remote.HandshakeResponse.lambda$getResponseFunction$0(HandshakeResponse.java:30)
at org.openqa.selenium.remote.ProtocolHandshake.lambda$createSession$0(ProtocolHandshake.java:126)
at java.util.stream.ReferencePipeline$3$1.accept(Unknown Source)
at java.util.Spliterators$ArraySpliterator.tryAdvance(Unknown Source)
at java.util.stream.ReferencePipeline.forEachWithCancel(Unknown Source)
at java.util.stream.AbstractPipeline.copyIntoWithCancel(Unknown Source)
at java.util.stream.AbstractPipeline.copyInto(Unknown Source)
at java.util.stream.AbstractPipeline.wrapAndCopyInto(Unknown Source)
at java.util.stream.FindOps$FindOp.evaluateSequential(Unknown Source)
at java.util.stream.AbstractPipeline.evaluate(Unknown Source)
at java.util.stream.ReferencePipeline.findFirst(Unknown Source)
at org.openqa.selenium.remote.ProtocolHandshake.createSession(ProtocolHandshake.java:128)
at org.openqa.selenium.remote.ProtocolHandshake.createSession(ProtocolHandshake.java:74)
at org.openqa.selenium.remote.HttpCommandExecutor.execute(HttpCommandExecutor.java:136)
at org.openqa.selenium.remote.service.DriverCommandExecutor.execute(DriverCommandExecutor.java:83)
at org.openqa.selenium.remote.RemoteWebDriver.execute(RemoteWebDriver.java:552)
at org.openqa.selenium.remote.RemoteWebDriver.startSession(RemoteWebDriver.java:213)
at org.openqa.selenium.remote.RemoteWebDriver.<init>(RemoteWebDriver.java:131)
at org.openqa.selenium.chrome.ChromeDriver.<init>(ChromeDriver.java:181)
at org.openqa.selenium.chrome.ChromeDriver.<init>(ChromeDriver.java:168)
at org.openqa.selenium.chrome.ChromeDriver.<init>(ChromeDriver.java:123)
at orangehrm.base.reusablity.openbrowser(reusablity.java:27)
at orangehrm.testsuites.PIM_Emp_TC04.Emp_PIM(PIM_Emp_TC04.java:18)
at sun.reflect.NativeMethodAccessorImpl.invoke0(Native Method)
at sun.reflect.NativeMethodAccessorImpl.invoke(Unknown Source)
at sun.reflect.DelegatingMethodAccessorImpl.invoke(Unknown Source)
at java.lang.reflect.Method.invoke(Unknown Source)
at org.testng.internal.MethodInvocationHelper.invokeMethod(MethodInvocationHelper.java:133)
at org.testng.internal.TestInvoker.invokeMethod(TestInvoker.java:584)
at org.testng.internal.TestInvoker.invokeTestMethod(TestInvoker.java:172)
at org.testng.internal.MethodRunner.runInSequence(MethodRunner.java:46)
at org.testng.internal.TestInvoker$MethodInvocationAgent.invoke(TestInvoker.java:804)
at org.testng.internal.TestInvoker.invokeTestMethods(TestInvoker.java:145)
at org.testng.internal.TestMethodWorker.invokeTestMethods(TestMethodWorker.java:146)
at org.testng.internal.TestMethodWorker.run(TestMethodWorker.java:128)
at java.util.ArrayList.forEach(Unknown Source)
at org.testng.TestRunner.privateRun(TestRunner.java:770)
at org.testng.TestRunner.run(TestRunner.java:591)
at org.testng.SuiteRunner.runTest(SuiteRunner.java:402)
at org.testng.SuiteRunner.runSequentially(SuiteRunner.java:396)
at org.testng.SuiteRunner.privateRun(SuiteRunner.java:355)
at org.testng.SuiteRunner.run(SuiteRunner.java:304)
at org.testng.SuiteRunnerWorker.runSuite(SuiteRunnerWorker.java:53)
at org.testng.SuiteRunnerWorker.run(SuiteRunnerWorker.java:96)
at org.testng.TestNG.runSuitesSequentially(TestNG.java:1180)
at org.testng.TestNG.runSuitesLocally(TestNG.java:1102)
at org.testng.TestNG.runSuites(TestNG.java:1032)
at org.testng.TestNG.run(TestNG.java:1000)
at org.testng.remote.AbstractRemoteTestNG.run(AbstractRemoteTestNG.java:115)
at org.testng.remote.RemoteTestNG.initAndRun(RemoteTestNG.java:251)
at org.testng.remote.RemoteTestNG.main(RemoteTestNG.java:77)
]]>
    </error>
  </testcase> <!-- Emp_PIM -->
</testsuite> <!-- orangehrm.testsuites.PIM_Emp_TC04 -->
